Initializing DB...
Player stats (NCAAM) table initialized.
Fetching Player Stats...
  [TORVIK] Fetching player stats from https://barttorvik.com/playerstat.php?link=y&minGP=1&year=2026&start=20250801&end=20260113...
  [TORVIK] Page Title: T-Rank Player Stats - Customizable College Basketball Tempo Free Stats - T-Rank
  [TORVIK] Source snippet: <html><head><script async="" src="https://www.google-analytics.com/analytics.js"></script><script>var nofilter = 0; var fteam = ''</script><script type="text/javascript" src="https://www.gstatic.com/charts/loader.js"></script><script>google.charts.load('current', {packages: ['corechart', 'line']});</script><script type="text/javascript" charset="UTF-8" src="https://www.gstatic.com/charts/51/loader.js"></script><!-- 
<script data-ad-client="ca-pub-2627413647443635" async src="https://pagead2.goog
  [TORVIK] Found #filtertable directly.
  [TORVIK] Parsed #filtertable with pandas. shape: (56, 101)
  [TORVIK] #filtertable Head:   Unnamed: 0  Stat Value Unnamed: 3 Unnamed: 4 Unnamed: 5 Unnamed: 6 Unnamed: 7 Unnamed: 8 Unnamed: 9 Unnamed: 10 Unnamed: 11 Unnamed: 12 Unnamed: 13 Unnamed: 14 Unnamed: 15 Unnamed: 16 Unnamed: 17 Unnamed: 18 Unnamed: 19 Unnamed: 20 Unnamed: 21 Unnamed: 22 Unnamed: 23 Unnamed: 24 Unnamed: 25 Unnamed: 26 Unnamed: 27 Unnamed: 28 Unnamed: 29 Unnamed: 30 Unnamed: 31 Unnamed: 32 Unnamed: 33 Unnamed: 34 Unnamed: 35 Unnamed: 36 Unnamed: 37 Unnamed: 38 Unnamed: 39 Unnamed: 40 Unnamed: 41 Unnamed: 42 Unnamed: 43 Unnamed: 44 Unnamed: 45 Unnamed: 46 Unnamed: 47 Unnamed: 48 Unnamed: 49 Unnamed: 50 Unnamed: 51 Unnamed: 52 Unnamed: 53 Unnamed: 54 Unnamed: 55 Unnamed: 56 Unnamed: 57 Unnamed: 58 Unnamed: 59 Unnamed: 60 Unnamed: 61 Unnamed: 62 Unnamed: 63 Unnamed: 64 Unnamed: 65 Unnamed: 66 Unnamed: 67 Unnamed: 68 Unnamed: 69 Unnamed: 70 Unnamed: 71 Unnamed: 72 Unnamed: 73 Unnamed: 74 Unnamed: 75 Unnamed: 76 Unnamed: 77 Unnamed: 78 Unnamed: 79 Unnamed: 80 Unnamed: 81 Unnamed: 82 Unnamed: 83 Unnamed: 84 Unnamed: 85 Unnamed: 86 Unnamed: 87 Unnamed: 88 Unnamed: 89 Unnamed: 90 Unnamed: 91 Unnamed: 92 Unnamed: 93 Unnamed: 94 Unnamed: 95 Unnamed: 96 Unnamed: 97 Unnamed: 98 Unnamed: 99  Unnamed: 100
0        NaN  Name   NaN        NaN        NaN        NaN        NaN        NaN        NaN        NaN         NaN         NaN         NaN         NaN         NaN         NaN         NaN         NaN         NaN         NaN         NaN         NaN         NaN         NaN         NaN         NaN         NaN         NaN         NaN         NaN         NaN         NaN         NaN         NaN         NaN         NaN         NaN         NaN         NaN         NaN         NaN         NaN         NaN         NaN         NaN         NaN         NaN         NaN         NaN         NaN         NaN         NaN         NaN         NaN         NaN         NaN         NaN         NaN         NaN         NaN         NaN         NaN         NaN         NaN         NaN         NaN         NaN         NaN         NaN         NaN         NaN         NaN         NaN         NaN         NaN         NaN         NaN         NaN         NaN         NaN         NaN         NaN         NaN         NaN         NaN         NaN         NaN         NaN         NaN         NaN         NaN         NaN         NaN         NaN         NaN         NaN         NaN         NaN         NaN         NaN           NaN
  [TORVIK] #filtertable Tail:        Unnamed: 0           Stat          Value     Unnamed: 3     Unnamed: 4     Unnamed: 5     Unnamed: 6     Unnamed: 7     Unnamed: 8     Unnamed: 9    Unnamed: 10    Unnamed: 11    Unnamed: 12    Unnamed: 13    Unnamed: 14    Unnamed: 15    Unnamed: 16    Unnamed: 17    Unnamed: 18    Unnamed: 19    Unnamed: 20    Unnamed: 21    Unnamed: 22    Unnamed: 23    Unnamed: 24    Unnamed: 25    Unnamed: 26    Unnamed: 27    Unnamed: 28    Unnamed: 29    Unnamed: 30    Unnamed: 31    Unnamed: 32    Unnamed: 33    Unnamed: 34    Unnamed: 35    Unnamed: 36    Unnamed: 37    Unnamed: 38    Unnamed: 39    Unnamed: 40    Unnamed: 41    Unnamed: 42    Unnamed: 43    Unnamed: 44    Unnamed: 45    Unnamed: 46    Unnamed: 47    Unnamed: 48    Unnamed: 49    Unnamed: 50    Unnamed: 51    Unnamed: 52    Unnamed: 53    Unnamed: 54    Unnamed: 55    Unnamed: 56    Unnamed: 57    Unnamed: 58    Unnamed: 59    Unnamed: 60    Unnamed: 61    Unnamed: 62    Unnamed: 63    Unnamed: 64    Unnamed: 65    Unnamed: 66    Unnamed: 67    Unnamed: 68    Unnamed: 69    Unnamed: 70    Unnamed: 71    Unnamed: 72    Unnamed: 73    Unnamed: 74    Unnamed: 75    Unnamed: 76    Unnamed: 77    Unnamed: 78    Unnamed: 79    Unnamed: 80    Unnamed: 81    Unnamed: 82    Unnamed: 83    Unnamed: 84    Unnamed: 85    Unnamed: 86    Unnamed: 87    Unnamed: 88    Unnamed: 89    Unnamed: 90    Unnamed: 91    Unnamed: 92    Unnamed: 93    Unnamed: 94    Unnamed: 95    Unnamed: 96    Unnamed: 97    Unnamed: 98    Unnamed: 99  Unnamed: 100
51              ❌        Drafted             ≥≤            NaN            NaN            NaN            NaN            NaN            NaN            NaN            NaN            NaN            NaN            NaN            NaN            NaN            NaN            NaN            NaN            NaN            NaN            NaN            NaN            NaN            NaN            NaN            NaN            NaN            NaN            NaN            NaN            NaN            NaN            NaN            NaN            NaN            NaN            NaN            NaN            NaN            NaN            NaN            NaN            NaN            NaN            NaN            NaN            NaN            NaN            NaN            NaN            NaN            NaN            NaN            NaN            NaN            NaN            NaN            NaN            NaN            NaN            NaN            NaN            NaN            NaN            NaN            NaN            NaN            NaN            NaN            NaN            NaN            NaN            NaN            NaN            NaN            NaN            NaN            NaN            NaN            NaN            NaN            NaN            NaN            NaN            NaN            NaN            NaN            NaN            NaN            NaN            NaN            NaN            NaN            NaN            NaN            NaN            NaN            NaN            NaN           NaN
52              ❌      Min RecRk            NaN            NaN            NaN            NaN            NaN            NaN            NaN            NaN            NaN            NaN            NaN            NaN            NaN            NaN            NaN            NaN            NaN            NaN            NaN            NaN            NaN            NaN            NaN            NaN            NaN            NaN            NaN            NaN            NaN            NaN            NaN            NaN            NaN            NaN            NaN            NaN            NaN            NaN            NaN            NaN            NaN            NaN            NaN            NaN            NaN            NaN            NaN            NaN            NaN            NaN            NaN            NaN            NaN            NaN            NaN            NaN            NaN            NaN            NaN            NaN            NaN            NaN            NaN            NaN            NaN            NaN            NaN            NaN            NaN            NaN            NaN            NaN            NaN            NaN            NaN            NaN            NaN            NaN            NaN            NaN            NaN            NaN            NaN            NaN            NaN            NaN            NaN            NaN            NaN            NaN            NaN            NaN            NaN            NaN            NaN            NaN            NaN            NaN           NaN
53              ❌      Max RecRk            NaN            NaN            NaN            NaN            NaN            NaN            NaN            NaN            NaN            NaN            NaN            NaN            NaN            NaN            NaN            NaN            NaN            NaN            NaN            NaN            NaN            NaN            NaN            NaN            NaN            NaN            NaN            NaN            NaN            NaN            NaN            NaN            NaN            NaN            NaN            NaN            NaN            NaN            NaN            NaN            NaN            NaN            NaN            NaN            NaN            NaN            NaN            NaN            NaN            NaN            NaN            NaN            NaN            NaN            NaN            NaN            NaN            NaN            NaN            NaN            NaN            NaN            NaN            NaN            NaN            NaN            NaN            NaN            NaN            NaN            NaN            NaN            NaN            NaN            NaN            NaN            NaN            NaN            NaN            NaN            NaN            NaN            NaN            NaN            NaN            NaN            NaN            NaN            NaN            NaN            NaN            NaN            NaN            NaN            NaN            NaN            NaN            NaN           NaN
54  Show 100 more  Show 100 more  Show 100 more  Show 100 more  Show 100 more  Show 100 more  Show 100 more  Show 100 more  Show 100 more  Show 100 more  Show 100 more  Show 100 more  Show 100 more  Show 100 more  Show 100 more  Show 100 more  Show 100 more  Show 100 more  Show 100 more  Show 100 more  Show 100 more  Show 100 more  Show 100 more  Show 100 more  Show 100 more  Show 100 more  Show 100 more  Show 100 more  Show 100 more  Show 100 more  Show 100 more  Show 100 more  Show 100 more  Show 100 more  Show 100 more  Show 100 more  Show 100 more  Show 100 more  Show 100 more  Show 100 more  Show 100 more  Show 100 more  Show 100 more  Show 100 more  Show 100 more  Show 100 more  Show 100 more  Show 100 more  Show 100 more  Show 100 more  Show 100 more  Show 100 more  Show 100 more  Show 100 more  Show 100 more  Show 100 more  Show 100 more  Show 100 more  Show 100 more  Show 100 more  Show 100 more  Show 100 more  Show 100 more  Show 100 more  Show 100 more  Show 100 more  Show 100 more  Show 100 more  Show 100 more  Show 100 more  Show 100 more  Show 100 more  Show 100 more  Show 100 more  Show 100 more  Show 100 more  Show 100 more  Show 100 more  Show 100 more  Show 100 more  Show 100 more  Show 100 more  Show 100 more  Show 100 more  Show 100 more  Show 100 more  Show 100 more  Show 100 more  Show 100 more  Show 100 more  Show 100 more  Show 100 more  Show 100 more  Show 100 more  Show 100 more  Show 100 more  Show 100 more  Show 100 more  Show 100 more  Show 100 more           NaN
55          Reset          Reset          Reset          Reset          Reset          Reset          Reset          Reset          Reset          Reset          Reset          Reset          Reset          Reset          Reset          Reset          Reset          Reset          Reset          Reset          Reset          Reset          Reset          Reset          Reset          Reset          Reset          Reset          Reset          Reset          Reset          Reset          Reset          Reset          Reset          Reset          Reset          Reset          Reset          Reset          Reset          Reset          Reset          Reset          Reset          Reset          Reset          Reset          Reset          Reset          Reset          Reset          Reset          Reset          Reset          Reset          Reset          Reset          Reset          Reset          Reset          Reset          Reset          Reset          Reset          Reset          Reset          Reset          Reset          Reset          Reset          Reset          Reset          Reset          Reset          Reset          Reset          Reset          Reset          Reset          Reset          Reset          Reset          Reset          Reset          Reset          Reset          Reset          Reset          Reset          Reset          Reset          Reset          Reset          Reset          Reset          Reset          Reset          Reset          Reset           NaN
  [TORVIK] #filtertable Row 10: Unnamed: 0          ❌
Stat            Games
Value             NaN
Unnamed: 3        NaN
Unnamed: 4        NaN
Unnamed: 5        NaN
Unnamed: 6        NaN
Unnamed: 7        NaN
Unnamed: 8        NaN
Unnamed: 9        NaN
Unnamed: 10       NaN
Unnamed: 11       NaN
Unnamed: 12       NaN
Unnamed: 13       NaN
Unnamed: 14       NaN
Unnamed: 15       NaN
Unnamed: 16       NaN
Unnamed: 17       NaN
Unnamed: 18       NaN
Unnamed: 19       NaN
Unnamed: 20       NaN
Unnamed: 21       NaN
Unnamed: 22       NaN
Unnamed: 23       NaN
Unnamed: 24       NaN
Unnamed: 25       NaN
Unnamed: 26       NaN
Unnamed: 27       NaN
Unnamed: 28       NaN
Unnamed: 29       NaN
Unnamed: 30       NaN
Unnamed: 31       NaN
Unnamed: 32       NaN
Unnamed: 33       NaN
Unnamed: 34       NaN
Unnamed: 35       NaN
Unnamed: 36       NaN
Unnamed: 37       NaN
Unnamed: 38       NaN
Unnamed: 39       NaN
Unnamed: 40       NaN
Unnamed: 41       NaN
Unnamed: 42       NaN
Unnamed: 43       NaN
Unnamed: 44       NaN
Unnamed: 45       NaN
Unnamed: 46       NaN
Unnamed: 47       NaN
Unnamed: 48       NaN
Unnamed: 49       NaN
Unnamed: 50       NaN
Unnamed: 51       NaN
Unnamed: 52       NaN
Unnamed: 53       NaN
Unnamed: 54       NaN
Unnamed: 55       NaN
Unnamed: 56       NaN
Unnamed: 57       NaN
Unnamed: 58       NaN
Unnamed: 59       NaN
Unnamed: 60       NaN
Unnamed: 61       NaN
Unnamed: 62       NaN
Unnamed: 63       NaN
Unnamed: 64       NaN
Unnamed: 65       NaN
Unnamed: 66       NaN
Unnamed: 67       NaN
Unnamed: 68       NaN
Unnamed: 69       NaN
Unnamed: 70       NaN
Unnamed: 71       NaN
Unnamed: 72       NaN
Unnamed: 73       NaN
Unnamed: 74       NaN
Unnamed: 75       NaN
Unnamed: 76       NaN
Unnamed: 77       NaN
Unnamed: 78       NaN
Unnamed: 79       NaN
Unnamed: 80       NaN
Unnamed: 81       NaN
Unnamed: 82       NaN
Unnamed: 83       NaN
Unnamed: 84       NaN
Unnamed: 85       NaN
Unnamed: 86       NaN
Unnamed: 87       NaN
Unnamed: 88       NaN
Unnamed: 89       NaN
Unnamed: 90       NaN
Unnamed: 91       NaN
Unnamed: 92       NaN
Unnamed: 93       NaN
Unnamed: 94       NaN
Unnamed: 95       NaN
Unnamed: 96       NaN
Unnamed: 97       NaN
Unnamed: 98       NaN
Unnamed: 99       NaN
Unnamed: 100      NaN
  [TORVIK] #filtertable seems to have data.
  [TORVIK] Tables found: 1
  [TORVIK] Head:   Unnamed: 0  Stat Value Unnamed: 3 Unnamed: 4 Unnamed: 5 Unnamed: 6 Unnamed: 7 Unnamed: 8 Unnamed: 9 Unnamed: 10 Unnamed: 11 Unnamed: 12 Unnamed: 13 Unnamed: 14 Unnamed: 15 Unnamed: 16 Unnamed: 17 Unnamed: 18 Unnamed: 19 Unnamed: 20 Unnamed: 21 Unnamed: 22 Unnamed: 23 Unnamed: 24 Unnamed: 25 Unnamed: 26 Unnamed: 27 Unnamed: 28 Unnamed: 29 Unnamed: 30 Unnamed: 31 Unnamed: 32 Unnamed: 33 Unnamed: 34 Unnamed: 35 Unnamed: 36 Unnamed: 37 Unnamed: 38 Unnamed: 39 Unnamed: 40 Unnamed: 41 Unnamed: 42 Unnamed: 43 Unnamed: 44 Unnamed: 45 Unnamed: 46 Unnamed: 47 Unnamed: 48 Unnamed: 49 Unnamed: 50 Unnamed: 51 Unnamed: 52 Unnamed: 53 Unnamed: 54 Unnamed: 55 Unnamed: 56 Unnamed: 57 Unnamed: 58 Unnamed: 59 Unnamed: 60 Unnamed: 61 Unnamed: 62 Unnamed: 63 Unnamed: 64 Unnamed: 65 Unnamed: 66 Unnamed: 67 Unnamed: 68 Unnamed: 69 Unnamed: 70 Unnamed: 71 Unnamed: 72 Unnamed: 73 Unnamed: 74 Unnamed: 75 Unnamed: 76 Unnamed: 77 Unnamed: 78 Unnamed: 79 Unnamed: 80 Unnamed: 81 Unnamed: 82 Unnamed: 83 Unnamed: 84 Unnamed: 85 Unnamed: 86 Unnamed: 87 Unnamed: 88 Unnamed: 89 Unnamed: 90 Unnamed: 91 Unnamed: 92 Unnamed: 93 Unnamed: 94 Unnamed: 95 Unnamed: 96 Unnamed: 97 Unnamed: 98 Unnamed: 99  Unnamed: 100
0        NaN  Name   NaN        NaN        NaN        NaN        NaN        NaN        NaN        NaN         NaN         NaN         NaN         NaN         NaN         NaN         NaN         NaN         NaN         NaN         NaN         NaN         NaN         NaN         NaN         NaN         NaN         NaN         NaN         NaN         NaN         NaN         NaN         NaN         NaN         NaN         NaN         NaN         NaN         NaN         NaN         NaN         NaN         NaN         NaN         NaN         NaN         NaN         NaN         NaN         NaN         NaN         NaN         NaN         NaN         NaN         NaN         NaN         NaN         NaN         NaN         NaN         NaN         NaN         NaN         NaN         NaN         NaN         NaN         NaN         NaN         NaN         NaN         NaN         NaN         NaN         NaN         NaN         NaN         NaN         NaN         NaN         NaN         NaN         NaN         NaN         NaN         NaN         NaN         NaN         NaN         NaN         NaN         NaN         NaN         NaN         NaN         NaN         NaN         NaN           NaN
  [TORVIK] Columns: ['Unnamed: 0', 'Stat', 'Value', 'Unnamed: 3', 'Unnamed: 4', 'Unnamed: 5', 'Unnamed: 6', 'Unnamed: 7', 'Unnamed: 8', 'Unnamed: 9', 'Unnamed: 10', 'Unnamed: 11', 'Unnamed: 12', 'Unnamed: 13', 'Unnamed: 14', 'Unnamed: 15', 'Unnamed: 16', 'Unnamed: 17', 'Unnamed: 18', 'Unnamed: 19', 'Unnamed: 20', 'Unnamed: 21', 'Unnamed: 22', 'Unnamed: 23', 'Unnamed: 24', 'Unnamed: 25', 'Unnamed: 26', 'Unnamed: 27', 'Unnamed: 28', 'Unnamed: 29', 'Unnamed: 30', 'Unnamed: 31', 'Unnamed: 32', 'Unnamed: 33', 'Unnamed: 34', 'Unnamed: 35', 'Unnamed: 36', 'Unnamed: 37', 'Unnamed: 38', 'Unnamed: 39', 'Unnamed: 40', 'Unnamed: 41', 'Unnamed: 42', 'Unnamed: 43', 'Unnamed: 44', 'Unnamed: 45', 'Unnamed: 46', 'Unnamed: 47', 'Unnamed: 48', 'Unnamed: 49', 'Unnamed: 50', 'Unnamed: 51', 'Unnamed: 52', 'Unnamed: 53', 'Unnamed: 54', 'Unnamed: 55', 'Unnamed: 56', 'Unnamed: 57', 'Unnamed: 58', 'Unnamed: 59', 'Unnamed: 60', 'Unnamed: 61', 'Unnamed: 62', 'Unnamed: 63', 'Unnamed: 64', 'Unnamed: 65', 'Unnamed: 66', 'Unnamed: 67', 'Unnamed: 68', 'Unnamed: 69', 'Unnamed: 70', 'Unnamed: 71', 'Unnamed: 72', 'Unnamed: 73', 'Unnamed: 74', 'Unnamed: 75', 'Unnamed: 76', 'Unnamed: 77', 'Unnamed: 78', 'Unnamed: 79', 'Unnamed: 80', 'Unnamed: 81', 'Unnamed: 82', 'Unnamed: 83', 'Unnamed: 84', 'Unnamed: 85', 'Unnamed: 86', 'Unnamed: 87', 'Unnamed: 88', 'Unnamed: 89', 'Unnamed: 90', 'Unnamed: 91', 'Unnamed: 92', 'Unnamed: 93', 'Unnamed: 94', 'Unnamed: 95', 'Unnamed: 96', 'Unnamed: 97', 'Unnamed: 98', 'Unnamed: 99', 'Unnamed: 100']
  [TORVIK] Parsed 0 valid player stats.
Inserted 0 player stats rows.

Fetched 0 records.
DB Count: 1
